{"/home/hyanmandian/Code/testing-talk-examples/src/index.tsx": {"path":"/home/hyanmandian/Code/testing-talk-examples/src/index.tsx","statementMap":{"0":{"start":{"line":8,"column":20},"end":{"line":8,"column":51}},"1":{"start":{"line":10,"column":0},"end":{"line":28,"column":2}}},"fnMap":{},"branchMap":{},"s":{"0":0,"1":0},"f":{},"b":{}}
,"/home/hyanmandian/Code/testing-talk-examples/src/components/loader/index.ts": {"path":"/home/hyanmandian/Code/testing-talk-examples/src/components/loader/index.ts","statementMap":{},"fnMap":{},"branchMap":{},"s":{},"f":{},"b":{},"_coverageSchema":"1a1c01bbd47fc00a2c39e90264f33305004495a9","hash":"215efda55bbdac15a590f24c9a220e02cf9b4f2d"}
,"/home/hyanmandian/Code/testing-talk-examples/src/components/loader/loader.tsx": {"path":"/home/hyanmandian/Code/testing-talk-examples/src/components/loader/loader.tsx","statementMap":{"0":{"start":{"line":8,"column":2},"end":{"line":8,"column":59}}},"fnMap":{"0":{"name":"Loader","decl":{"start":{"line":7,"column":16},"end":{"line":7,"column":22}},"loc":{"start":{"line":7,"column":50},"end":{"line":9,"column":1}},"line":7}},"branchMap":{"0":{"loc":{"start":{"line":8,"column":9},"end":{"line":8,"column":58}},"type":"cond-expr","locations":[{"start":{"line":8,"column":16},"end":{"line":8,"column":51}},{"start":{"line":8,"column":54},"end":{"line":8,"column":58}}],"line":8}},"s":{"0":4},"f":{"0":4},"b":{"0":[2,2]},"_coverageSchema":"1a1c01bbd47fc00a2c39e90264f33305004495a9","hash":"03696090a9b6547babc22c58cd34eb2d56b93bba"}
,"/home/hyanmandian/Code/testing-talk-examples/src/containers/calculator/calculator.js": {"path":"/home/hyanmandian/Code/testing-talk-examples/src/containers/calculator/calculator.js","statementMap":{"0":{"start":{"line":4,"column":26},"end":{"line":4,"column":36}},"1":{"start":{"line":5,"column":34},"end":{"line":5,"column":44}},"2":{"start":{"line":6,"column":30},"end":{"line":6,"column":40}},"3":{"start":{"line":8,"column":2},"end":{"line":68,"column":4}},"4":{"start":{"line":11,"column":8},"end":{"line":11,"column":27}},"5":{"start":{"line":13,"column":8},"end":{"line":13,"column":44}},"6":{"start":{"line":16,"column":8},"end":{"line":16,"column":27}},"7":{"start":{"line":18,"column":8},"end":{"line":18,"column":20}},"8":{"start":{"line":29,"column":12},"end":{"line":29,"column":36}},"9":{"start":{"line":41,"column":12},"end":{"line":41,"column":40}}},"fnMap":{"0":{"name":"Calculator","decl":{"start":{"line":3,"column":16},"end":{"line":3,"column":26}},"loc":{"start":{"line":3,"column":29},"end":{"line":69,"column":1}},"line":3},"1":{"name":"(anonymous_1)","decl":{"start":{"line":10,"column":16},"end":{"line":10,"column":17}},"loc":{"start":{"line":10,"column":23},"end":{"line":14,"column":7}},"line":10},"2":{"name":"(anonymous_2)","decl":{"start":{"line":15,"column":15},"end":{"line":15,"column":16}},"loc":{"start":{"line":15,"column":22},"end":{"line":19,"column":7}},"line":15},"3":{"name":"(anonymous_3)","decl":{"start":{"line":28,"column":20},"end":{"line":28,"column":21}},"loc":{"start":{"line":28,"column":27},"end":{"line":30,"column":11}},"line":28},"4":{"name":"(anonymous_4)","decl":{"start":{"line":40,"column":20},"end":{"line":40,"column":21}},"loc":{"start":{"line":40,"column":27},"end":{"line":42,"column":11}},"line":40}},"branchMap":{},"s":{"0":0,"1":0,"2":0,"3":0,"4":0,"5":0,"6":0,"7":0,"8":0,"9":0},"f":{"0":0,"1":0,"2":0,"3":0,"4":0},"b":{}}
,"/home/hyanmandian/Code/testing-talk-examples/src/containers/calculator/index.ts": {"path":"/home/hyanmandian/Code/testing-talk-examples/src/containers/calculator/index.ts","statementMap":{},"fnMap":{},"branchMap":{},"s":{},"f":{},"b":{}}
,"/home/hyanmandian/Code/testing-talk-examples/src/containers/posts/index.ts": {"path":"/home/hyanmandian/Code/testing-talk-examples/src/containers/posts/index.ts","statementMap":{},"fnMap":{},"branchMap":{},"s":{},"f":{},"b":{},"_coverageSchema":"1a1c01bbd47fc00a2c39e90264f33305004495a9","hash":"d91694d35ff17a335ff0e5fd9777be378740326b"}
,"/home/hyanmandian/Code/testing-talk-examples/src/containers/posts/posts.tsx": {"path":"/home/hyanmandian/Code/testing-talk-examples/src/containers/posts/posts.tsx","statementMap":{"0":{"start":{"line":10,"column":26},"end":{"line":10,"column":44}},"1":{"start":{"line":11,"column":32},"end":{"line":11,"column":44}},"2":{"start":{"line":12,"column":32},"end":{"line":12,"column":46}},"3":{"start":{"line":15,"column":4},"end":{"line":15,"column":31}},"4":{"start":{"line":18,"column":2},"end":{"line":25,"column":9}},"5":{"start":{"line":19,"column":4},"end":{"line":24,"column":6}},"6":{"start":{"line":21,"column":8},"end":{"line":21,"column":39}},"7":{"start":{"line":22,"column":8},"end":{"line":22,"column":26}},"8":{"start":{"line":27,"column":23},"end":{"line":27,"column":61}},"9":{"start":{"line":29,"column":2},"end":{"line":56,"column":4}},"10":{"start":{"line":46,"column":10},"end":{"line":52,"column":20}}},"fnMap":{"0":{"name":"Posts","decl":{"start":{"line":9,"column":16},"end":{"line":9,"column":21}},"loc":{"start":{"line":9,"column":24},"end":{"line":57,"column":1}},"line":9},"1":{"name":"handleChange","decl":{"start":{"line":14,"column":11},"end":{"line":14,"column":23}},"loc":{"start":{"line":14,"column":58},"end":{"line":16,"column":3}},"line":14},"2":{"name":"(anonymous_2)","decl":{"start":{"line":18,"column":12},"end":{"line":18,"column":13}},"loc":{"start":{"line":18,"column":18},"end":{"line":25,"column":3}},"line":18},"3":{"name":"(anonymous_3)","decl":{"start":{"line":20,"column":6},"end":{"line":20,"column":7}},"loc":{"start":{"line":20,"column":26},"end":{"line":23,"column":7}},"line":20},"4":{"name":"(anonymous_4)","decl":{"start":{"line":45,"column":26},"end":{"line":45,"column":27}},"loc":{"start":{"line":46,"column":10},"end":{"line":52,"column":20}},"line":46}},"branchMap":{"0":{"loc":{"start":{"line":27,"column":23},"end":{"line":27,"column":61}},"type":"cond-expr","locations":[{"start":{"line":27,"column":33},"end":{"line":27,"column":54}},{"start":{"line":27,"column":57},"end":{"line":27,"column":61}}],"line":27}},"s":{"0":4,"1":4,"2":4,"3":1,"4":4,"5":1,"6":1,"7":1,"8":4,"9":4,"10":5},"f":{"0":4,"1":1,"2":1,"3":1,"4":5},"b":{"0":[1,3]},"_coverageSchema":"1a1c01bbd47fc00a2c39e90264f33305004495a9","hash":"51d22e3d438d70994e378e0f4c856ec113daa5e8"}
,"/home/hyanmandian/Code/testing-talk-examples/src/utils/index.ts": {"path":"/home/hyanmandian/Code/testing-talk-examples/src/utils/index.ts","statementMap":{},"fnMap":{},"branchMap":{},"s":{},"f":{},"b":{},"_coverageSchema":"1a1c01bbd47fc00a2c39e90264f33305004495a9","hash":"f4bf8559ebb9ba5b46b31c7ee7315dc3d0604524"}
,"/home/hyanmandian/Code/testing-talk-examples/src/utils/search/index.ts": {"path":"/home/hyanmandian/Code/testing-talk-examples/src/utils/search/index.ts","statementMap":{},"fnMap":{},"branchMap":{},"s":{},"f":{},"b":{},"_coverageSchema":"1a1c01bbd47fc00a2c39e90264f33305004495a9","hash":"ef43bd5957a501ec7957113de1c673a86a2871f6"}
,"/home/hyanmandian/Code/testing-talk-examples/src/utils/search/search.ts": {"path":"/home/hyanmandian/Code/testing-talk-examples/src/utils/search/search.ts","statementMap":{"0":{"start":{"line":2,"column":2},"end":{"line":4,"column":3}},"1":{"start":{"line":3,"column":4},"end":{"line":3,"column":63}},"2":{"start":{"line":6,"column":2},"end":{"line":8,"column":3}},"3":{"start":{"line":7,"column":4},"end":{"line":7,"column":67}},"4":{"start":{"line":10,"column":2},"end":{"line":20,"column":5}},"5":{"start":{"line":11,"column":4},"end":{"line":19,"column":7}},"6":{"start":{"line":12,"column":20},"end":{"line":12,"column":38}},"7":{"start":{"line":14,"column":6},"end":{"line":16,"column":7}},"8":{"start":{"line":15,"column":8},"end":{"line":15,"column":21}},"9":{"start":{"line":18,"column":6},"end":{"line":18,"column":33}}},"fnMap":{"0":{"name":"search","decl":{"start":{"line":1,"column":16},"end":{"line":1,"column":22}},"loc":{"start":{"line":1,"column":55},"end":{"line":21,"column":1}},"line":1},"1":{"name":"(anonymous_1)","decl":{"start":{"line":10,"column":21},"end":{"line":10,"column":22}},"loc":{"start":{"line":10,"column":31},"end":{"line":20,"column":3}},"line":10},"2":{"name":"(anonymous_2)","decl":{"start":{"line":11,"column":34},"end":{"line":11,"column":35}},"loc":{"start":{"line":11,"column":43},"end":{"line":19,"column":5}},"line":11}},"branchMap":{"0":{"loc":{"start":{"line":2,"column":2},"end":{"line":4,"column":3}},"type":"if","locations":[{"start":{"line":2,"column":2},"end":{"line":4,"column":3}},{"start":{"line":2,"column":2},"end":{"line":4,"column":3}}],"line":2},"1":{"loc":{"start":{"line":6,"column":2},"end":{"line":8,"column":3}},"type":"if","locations":[{"start":{"line":6,"column":2},"end":{"line":8,"column":3}},{"start":{"line":6,"column":2},"end":{"line":8,"column":3}}],"line":6},"2":{"loc":{"start":{"line":14,"column":6},"end":{"line":16,"column":7}},"type":"if","locations":[{"start":{"line":14,"column":6},"end":{"line":16,"column":7}},{"start":{"line":14,"column":6},"end":{"line":16,"column":7}}],"line":14}},"s":{"0":1,"1":0,"2":1,"3":0,"4":1,"5":2,"6":4,"7":4,"8":1,"9":3},"f":{"0":1,"1":2,"2":4},"b":{"0":[0,1],"1":[0,1],"2":[1,3]},"_coverageSchema":"1a1c01bbd47fc00a2c39e90264f33305004495a9","hash":"14ca3bc9652a5fb05b5c6d57c70af88aa3dba284"}
}
