TN:
SF:src/index.tsx
FNF:0
FNH:0
DA:8,0
DA:10,0
LF:2
LH:0
BRF:0
BRH:0
end_of_record
TN:
SF:src/components/loader/index.ts
FNF:0
FNH:0
LF:0
LH:0
BRF:0
BRH:0
end_of_record
TN:
SF:src/components/loader/loader.tsx
FN:7,Loader
FNF:1
FNH:1
FNDA:4,Loader
DA:8,4
LF:1
LH:1
BRDA:8,0,0,2
BRDA:8,0,1,2
BRF:2
BRH:2
end_of_record
TN:
SF:src/containers/calculator/calculator.js
FN:3,Calculator
FN:10,(anonymous_1)
FN:15,(anonymous_2)
FN:28,(anonymous_3)
FN:40,(anonymous_4)
FNF:5
FNH:0
FNDA:0,Calculator
FNDA:0,(anonymous_1)
FNDA:0,(anonymous_2)
FNDA:0,(anonymous_3)
FNDA:0,(anonymous_4)
DA:4,0
DA:5,0
DA:6,0
DA:8,0
DA:11,0
DA:13,0
DA:16,0
DA:18,0
DA:29,0
DA:41,0
LF:10
LH:0
BRF:0
BRH:0
end_of_record
TN:
SF:src/containers/calculator/index.ts
FNF:0
FNH:0
LF:0
LH:0
BRF:0
BRH:0
end_of_record
TN:
SF:src/containers/posts/index.ts
FNF:0
FNH:0
LF:0
LH:0
BRF:0
BRH:0
end_of_record
TN:
SF:src/containers/posts/posts.tsx
FN:9,Posts
FN:14,handleChange
FN:18,(anonymous_2)
FN:20,(anonymous_3)
FN:45,(anonymous_4)
FNF:5
FNH:5
FNDA:4,Posts
FNDA:1,handleChange
FNDA:1,(anonymous_2)
FNDA:1,(anonymous_3)
FNDA:5,(anonymous_4)
DA:10,4
DA:11,4
DA:12,4
DA:15,1
DA:18,4
DA:19,1
DA:21,1
DA:22,1
DA:27,4
DA:29,4
DA:46,5
LF:11
LH:11
BRDA:27,0,0,1
BRDA:27,0,1,3
BRF:2
BRH:2
end_of_record
TN:
SF:src/utils/index.ts
FNF:0
FNH:0
LF:0
LH:0
BRF:0
BRH:0
end_of_record
TN:
SF:src/utils/search/index.ts
FNF:0
FNH:0
LF:0
LH:0
BRF:0
BRH:0
end_of_record
TN:
SF:src/utils/search/search.ts
FN:1,search
FN:10,(anonymous_1)
FN:11,(anonymous_2)
FNF:3
FNH:3
FNDA:1,search
FNDA:2,(anonymous_1)
FNDA:4,(anonymous_2)
DA:2,1
DA:3,0
DA:6,1
DA:7,0
DA:10,1
DA:11,2
DA:12,4
DA:14,4
DA:15,1
DA:18,3
LF:10
LH:8
BRDA:2,0,0,0
BRDA:2,0,1,1
BRDA:6,1,0,0
BRDA:6,1,1,1
BRDA:14,2,0,1
BRDA:14,2,1,3
BRF:6
BRH:4
end_of_record
